<?xml version="1.0" encoding="UTF-8" ?>
<testsuite tests="24" failures="0" name="com.roytuts.cucumber.CalculatorTest" time="0.001" errors="0" skipped="0">
  <properties>
[...]
</properties>
  <testcase classname="Scenario: Add two numbers -2 &amp; 3" name="Given I have a calculator" time="0.001"/>
  <testcase classname="Scenario: Add two numbers -2 &amp; 3" name="When I add -2 and 3" time="0"/>
  <testcase classname="Scenario: Add two numbers -2 &amp; 3" name="Then the result should be 1" time="0"/>
  <testcase classname="Scenario: Add two numbers -2 &amp; 3" name="Scenario: Add two numbers -2 &amp; 3" time="0"/>
  <testcase classname="Scenario: Add two numbers 10 &amp; 15" name="Given I have a calculator" time="0"/>
  <testcase classname="Scenario: Add two numbers 10 &amp; 15" name="When I add 10 and 15" time="0"/>
  <testcase classname="Scenario: Add two numbers 10 &amp; 15" name="Then the result should be 25" time="0"/>
  <testcase classname="Scenario: Add two numbers 10 &amp; 15" name="Scenario: Add two numbers 10 &amp; 15" time="0"/>
  <testcase classname="| 1 | 49 | 50 |" name="Given I have a calculator" time="0"/>
  <testcase classname="| 1 | 49 | 50 |" name="When I add 1 and 49" time="0"/>
  <testcase classname="| 1 | 49 | 50 |" name="Then the result should be 50" time="0"/>
  <testcase classname="| 1 | 49 | 50 |" name="| 1 | 49 | 50 |" time="0"/>
  <testcase classname="| 3 | 77 | 80 |" name="Given I have a calculator" time="0"/>
  <testcase classname="| 3 | 77 | 80 |" name="When I add 3 and 77" time="0"/>
  <testcase classname="| 3 | 77 | 80 |" name="Then the result should be 80" time="0"/>
  <testcase classname="| 3 | 77 | 80 |" name="| 3 | 77 | 80 |" time="0"/>
  <testcase classname="| 4 | 66 | 70 |" name="Given I have a calculator" time="0"/>
  <testcase classname="| 4 | 66 | 70 |" name="When I add 4 and 66" time="0"/>
  <testcase classname="| 4 | 66 | 70 |" name="Then the result should be 70" time="0"/>
  <testcase classname="| 4 | 66 | 70 |" name="| 4 | 66 | 70 |" time="0"/>
  <testcase classname="| 0 | 90 | 90 |" name="Given I have a calculator" time="0"/>
  <testcase classname="| 0 | 90 | 90 |" name="When I add 0 and 90" time="0"/>
  <testcase classname="| 0 | 90 | 90 |" name="Then the result should be 90" time="0"/>
  <testcase classname="| 0 | 90 | 90 |" name="| 0 | 90 | 90 |" time="0"/>
</testsuite>