<?xml version="1.0" encoding="UTF-8" ?>
<testsuite tests="20" failures="0" name="com.roytuts.cucumber.UserTest" time="0.001" errors="0" skipped="0">
  <properties>
[...]
</properties>
  <testcase classname="Scenario: Valid Certification" name="Given that the user Vincent is given a task to clear JAVA certification exam" time="0"/>
  <testcase classname="Scenario: Valid Certification" name="When Vincent got 69 marks in exam" time="0"/>
  <testcase classname="Scenario: Valid Certification" name="Then Vincent is known as JAVA certified" time="0"/>
  <testcase classname="Scenario: Valid Certification" name="Scenario: Valid Certification" time="0.001"/>
  <testcase classname="| John | 49 | PYTHON |" name="Given that the user John is given a task to clear PYTHON certification exam" time="0"/>
  <testcase classname="| John | 49 | PYTHON |" name="When John got 49 marks in exam" time="0"/>
  <testcase classname="| John | 49 | PYTHON |" name="Then John is known as PYTHON certified" time="0"/>
  <testcase classname="| John | 49 | PYTHON |" name="| John | 49 | PYTHON |" time="0"/>
  <testcase classname="| Smith | 79 | JAVA |" name="Given that the user Smith is given a task to clear JAVA certification exam" time="0"/>
  <testcase classname="| Smith | 79 | JAVA |" name="When Smith got 79 marks in exam" time="0"/>
  <testcase classname="| Smith | 79 | JAVA |" name="Then Smith is known as JAVA certified" time="0"/>
  <testcase classname="| Smith | 79 | JAVA |" name="| Smith | 79 | JAVA |" time="0"/>
  <testcase classname="| Luke | 66 | PHP |" name="Given that the user Luke is given a task to clear PHP certification exam" time="0"/>
  <testcase classname="| Luke | 66 | PHP |" name="When Luke got 66 marks in exam" time="0"/>
  <testcase classname="| Luke | 66 | PHP |" name="Then Luke is known as PHP certified" time="0"/>
  <testcase classname="| Luke | 66 | PHP |" name="| Luke | 66 | PHP |" time="0"/>
  <testcase classname="| Stephen | 90 | C# |" name="Given that the user Stephen is given a task to clear C# certification exam" time="0"/>
  <testcase classname="| Stephen | 90 | C# |" name="When Stephen got 90 marks in exam" time="0"/>
  <testcase classname="| Stephen | 90 | C# |" name="Then Stephen is known as C# certified" time="0"/>
  <testcase classname="| Stephen | 90 | C# |" name="| Stephen | 90 | C# |" time="0"/>
</testsuite>